[2016-09-12 16:55:51] START
[2016-09-14 06:06:52] EDIT EnergyManager/models/db.py: 6
[2016-09-14 06:07:18] EDIT EnergyManager/models/db.py: 0
[2016-09-14 06:07:56] EDIT EnergyManager/models/db.py: 2
[2016-09-14 06:08:06] EDIT EnergyManager/models/db.py: 0
[2016-09-14 06:08:17] EDIT EnergyManager/models/db.py: 0
[2016-09-14 06:08:31] EDIT EnergyManager/models/db.py: 0
[2016-09-14 06:08:46] EDIT EnergyManager/models/db.py: -2
[2016-09-14 06:09:28] EDIT EnergyManager/models/db.py: 0
[2016-09-14 06:15:58] EDIT EnergyManager/models/db.py: 2
[2016-09-14 06:15:59] EDIT EnergyManager/models/db.py: 0
[2016-09-14 06:16:01] EDIT EnergyManager/models/db.py: 0
[2016-09-14 06:16:01] EDIT EnergyManager/models/db.py: 0
[2016-09-14 06:16:11] EDIT EnergyManager/models/db.py: 0
[2016-09-14 06:18:44] EDIT EnergyManager/models/db.py: -2
[2016-09-14 06:27:04] EDIT EnergyManager/models/db.py: 2
[2016-09-14 06:27:09] EDIT EnergyManager/models/db.py: -2
[2016-09-14 06:27:29] EDIT EnergyManager/models/db.py: 1
[2016-09-14 06:27:42] EDIT EnergyManager/models/db.py: 0
[2016-09-14 06:28:23] EDIT EnergyManager/models/db.py: 1
[2016-09-14 06:28:49] EDIT EnergyManager/models/db.py: 0
[2016-09-14 06:29:41] EDIT EnergyManager/models/db.py: 0
[2016-09-14 06:29:55] EDIT EnergyManager/models/db.py: 0
[2016-09-14 06:29:57] EDIT EnergyManager/models/db.py: 0
[2016-09-14 06:30:00] EDIT EnergyManager/models/db.py: 0
[2016-09-14 06:30:00] EDIT EnergyManager/models/db.py: 0
[2016-09-14 06:32:18] EDIT EnergyManager/models/db.py: 1
[2016-09-14 06:35:44] EDIT EnergyManager/models/db.py: 8
[2016-09-14 06:35:47] EDIT EnergyManager/models/db.py: 0
[2016-09-14 06:36:33] EDIT EnergyManager/models/db.py: 0
[2016-09-14 06:36:47] EDIT EnergyManager/models/db.py: -1
[2016-09-14 06:37:05] EDIT EnergyManager/models/db.py: 1
[2016-09-14 06:41:40] EDIT EnergyManager/models/db.py: 0
[2016-09-14 06:41:52] EDIT EnergyManager/models/db.py: 0
[2016-09-14 06:42:02] EDIT EnergyManager/models/db.py: 0
[2016-09-14 06:42:10] EDIT EnergyManager/models/db.py: 0
[2016-09-14 06:42:26] EDIT EnergyManager/models/db.py: 0
[2016-09-14 06:48:58] EDIT EnergyManager/models/db.py: 5
[2016-09-14 06:49:43] EDIT EnergyManager/models/db.py: 0
[2016-09-14 06:58:34] EDIT EnergyManager/models/db.py: 3
[2016-09-14 06:58:54] EDIT EnergyManager/models/db.py: 2
[2016-09-14 06:59:19] EDIT EnergyManager/models/db.py: 0
[2016-09-14 06:59:47] EDIT EnergyManager/models/db.py: 0
[2016-09-16 05:37:54] EDIT EnergyManager/models/db.py: 0
[2016-09-16 05:38:08] EDIT EnergyManager/models/db.py: 0
[2016-09-16 05:39:29] EDIT EnergyManager/models/db.py: 0
[2016-09-16 05:40:16] EDIT EnergyManager/models/db.py: 1
[2016-09-16 05:45:49] EDIT EnergyManager/models/db.py: 0
[2016-09-16 05:45:54] EDIT EnergyManager/models/db.py: 0
[2016-09-16 05:48:34] EDIT EnergyManager/models/db.py: 6
[2016-09-16 05:49:00] EDIT EnergyManager/models/db.py: 0
[2016-09-16 05:49:20] EDIT EnergyManager/models/db.py: 0
[2016-09-16 05:49:40] EDIT EnergyManager/models/db.py: 1
[2016-09-16 05:51:44] EDIT EnergyManager/models/db.py: 10
[2016-09-16 05:51:47] EDIT EnergyManager/models/db.py: 1
[2016-09-16 05:52:20] EDIT EnergyManager/models/db.py: 1
[2016-09-16 05:52:29] EDIT EnergyManager/models/db.py: 0
[2016-09-16 06:04:03] EDIT EnergyManager/controllers/default.py: 4
[2016-09-16 06:04:07] EDIT EnergyManager/controllers/default.py: 0
[2016-09-16 06:05:00] EDIT EnergyManager/controllers/default.py: 0
[2016-09-16 06:05:22] EDIT EnergyManager/controllers/default.py: 0
[2016-09-16 06:05:27] EDIT EnergyManager/controllers/default.py: 1
[2016-09-16 06:09:03] EDIT EnergyManager/controllers/default.py: 0
[2016-09-16 06:09:40] EDIT EnergyManager/controllers/default.py: 0
[2016-09-16 06:09:54] EDIT EnergyManager/controllers/default.py: -1
[2016-09-16 06:10:17] EDIT EnergyManager/controllers/default.py: 1
[2016-09-16 06:10:33] EDIT EnergyManager/controllers/default.py: 0
[2016-09-16 06:10:58] EDIT EnergyManager/controllers/default.py: 0
[2016-09-16 06:11:15] EDIT EnergyManager/controllers/default.py: 0
[2016-09-16 06:11:18] EDIT EnergyManager/controllers/default.py: 0
[2016-09-16 06:11:27] EDIT EnergyManager/controllers/default.py: 0
[2016-09-16 06:11:52] EDIT EnergyManager/controllers/default.py: 1
[2016-09-16 06:11:55] EDIT EnergyManager/controllers/default.py: 0
[2016-09-16 06:12:18] EDIT EnergyManager/controllers/default.py: 0
[2016-09-16 06:12:33] EDIT EnergyManager/controllers/default.py: -1
[2016-09-16 06:12:42] EDIT EnergyManager/controllers/default.py: 0
[2016-09-16 06:13:07] EDIT EnergyManager/controllers/default.py: 0
[2016-09-16 06:13:23] EDIT EnergyManager/controllers/default.py: 0
[2016-09-16 06:13:24] EDIT EnergyManager/controllers/default.py: 0
[2016-09-16 06:13:35] EDIT EnergyManager/controllers/default.py: 0
[2016-09-16 06:16:20] EDIT EnergyManager/controllers/default.py: 0
[2016-09-16 06:16:26] EDIT EnergyManager/controllers/default.py: 0
[2016-09-16 06:36:25] EDIT EnergyManager/controllers/default.py: 2
[2016-09-16 06:41:45] EDIT EnergyManager/controllers/default.py: 1
[2016-09-16 06:43:58] EDIT EnergyManager/controllers/default.py: 3
[2016-09-16 06:44:41] EDIT EnergyManager/controllers/default.py: 3
[2016-09-16 06:45:06] EDIT EnergyManager/controllers/default.py: 1
[2016-09-16 06:45:16] EDIT EnergyManager/controllers/default.py: 0
[2016-09-16 06:45:26] EDIT EnergyManager/controllers/default.py: -1
[2016-09-16 06:45:47] EDIT EnergyManager/controllers/default.py: 0
[2016-09-16 06:46:03] EDIT EnergyManager/controllers/default.py: 0
[2016-09-16 06:46:13] EDIT EnergyManager/controllers/default.py: 0
[2016-09-16 06:46:26] EDIT EnergyManager/controllers/default.py: 1
[2016-09-16 06:46:51] EDIT EnergyManager/controllers/default.py: 0
[2016-09-16 06:47:17] EDIT EnergyManager/controllers/default.py: 0
[2016-09-16 06:47:26] EDIT EnergyManager/controllers/default.py: 0
[2016-09-16 06:47:37] EDIT EnergyManager/controllers/default.py: 0
[2016-09-16 06:47:53] EDIT EnergyManager/controllers/default.py: 0
[2016-09-16 06:48:06] EDIT EnergyManager/controllers/default.py: 0
[2016-09-16 06:48:12] EDIT EnergyManager/controllers/default.py: 0
[2016-09-16 06:49:14] EDIT EnergyManager/controllers/default.py: 0
[2016-09-16 06:49:22] EDIT EnergyManager/controllers/default.py: 0
[2016-09-16 06:49:30] EDIT EnergyManager/controllers/default.py: -1
[2016-09-16 06:49:44] EDIT EnergyManager/controllers/default.py: 0
[2016-09-16 06:49:49] EDIT EnergyManager/controllers/default.py: 0
[2016-09-16 06:50:11] EDIT EnergyManager/controllers/default.py: 0
[2016-09-17 15:00:10] EDIT EnergyManager/controllers/default.py: -7
[2016-09-17 15:00:12] EDIT EnergyManager/controllers/default.py: 0
[2016-09-17 15:00:26] EDIT EnergyManager/controllers/default.py: 2
[2016-09-17 15:09:50] EDIT EnergyManager/controllers/default.py: 0
[2016-09-17 15:09:50] EDIT EnergyManager/controllers/default.py: 0
[2016-09-17 15:09:50] EDIT EnergyManager/controllers/default.py: 0
[2016-09-17 15:09:50] EDIT EnergyManager/controllers/default.py: 0
[2016-09-17 15:10:20] EDIT EnergyManager/controllers/default.py: 0
[2016-09-17 15:10:56] EDIT EnergyManager/controllers/default.py: 0
[2016-09-17 15:25:23] EDIT EnergyManager/views/default/signup.html: -19
[2016-09-17 15:33:47] EDIT EnergyManager/views/default/signup.html: 0
[2016-09-17 15:33:55] EDIT EnergyManager/views/default/signup.html: 0
[2016-09-19 04:33:31] EDIT EnergyManager/controllers/default.py: 0
[2016-09-19 04:33:39] EDIT EnergyManager/controllers/default.py: 0
[2016-09-19 04:33:41] EDIT EnergyManager/controllers/default.py: 0
[2016-09-19 04:36:16] EDIT EnergyManager/controllers/default.py: 1
[2016-09-19 04:36:38] EDIT EnergyManager/controllers/default.py: 0
[2016-09-19 04:36:52] EDIT EnergyManager/controllers/default.py: -1
[2016-09-19 04:37:54] EDIT EnergyManager/controllers/default.py: 1
[2016-09-19 04:38:09] EDIT EnergyManager/controllers/default.py: 1
[2016-09-19 04:38:33] EDIT EnergyManager/controllers/default.py: 0
[2016-09-19 04:38:57] EDIT EnergyManager/controllers/default.py: -1
[2016-09-19 04:39:33] EDIT EnergyManager/controllers/default.py: 0
[2016-09-19 04:39:45] EDIT EnergyManager/controllers/default.py: 0
[2016-09-19 04:40:00] EDIT EnergyManager/controllers/default.py: 1
[2016-09-19 04:40:09] EDIT EnergyManager/controllers/default.py: 0
[2016-09-19 04:40:19] EDIT EnergyManager/controllers/default.py: 0
[2016-09-19 04:40:35] EDIT EnergyManager/controllers/default.py: -2
[2016-09-19 04:40:45] EDIT EnergyManager/controllers/default.py: 0
[2016-09-19 04:40:59] EDIT EnergyManager/controllers/default.py: 1
[2016-09-19 04:41:34] EDIT EnergyManager/controllers/default.py: 0
[2016-09-19 04:41:43] EDIT EnergyManager/controllers/default.py: 0
[2016-09-19 04:41:44] EDIT EnergyManager/controllers/default.py: 0
[2016-09-19 04:41:45] EDIT EnergyManager/controllers/default.py: 0
[2016-09-19 04:41:45] EDIT EnergyManager/controllers/default.py: 0
[2016-09-19 04:41:45] EDIT EnergyManager/controllers/default.py: 0
[2016-09-19 04:41:46] EDIT EnergyManager/controllers/default.py: 0
[2016-09-19 04:41:46] EDIT EnergyManager/controllers/default.py: 0
[2016-09-19 04:41:55] EDIT EnergyManager/controllers/default.py: 0
[2016-09-19 04:42:29] EDIT EnergyManager/controllers/default.py: 0
[2016-09-19 04:42:33] EDIT EnergyManager/controllers/default.py: 0
[2016-09-19 04:42:35] EDIT EnergyManager/controllers/default.py: 0
[2016-09-19 04:42:35] EDIT EnergyManager/controllers/default.py: 0
[2016-09-19 04:42:43] EDIT EnergyManager/controllers/default.py: 0
[2016-09-19 04:42:44] EDIT EnergyManager/controllers/default.py: 0
[2016-09-19 04:45:01] EDIT EnergyManager/controllers/default.py: 1
[2016-09-19 04:45:25] EDIT EnergyManager/controllers/default.py: 1
[2016-09-19 04:47:18] EDIT EnergyManager/controllers/default.py: 2
[2016-09-19 04:47:45] EDIT EnergyManager/controllers/default.py: 0
[2016-09-19 04:48:06] EDIT EnergyManager/controllers/default.py: 1
[2016-09-19 04:48:30] EDIT EnergyManager/controllers/default.py: 0
[2016-09-19 04:48:44] EDIT EnergyManager/controllers/default.py: -1
[2016-09-19 04:49:37] EDIT EnergyManager/models/db.py: 1
[2016-09-19 04:50:56] EDIT EnergyManager/controllers/default.py: 0
[2016-09-19 04:51:19] EDIT EnergyManager/controllers/default.py: 0
[2016-09-19 04:51:22] EDIT EnergyManager/controllers/default.py: 0
[2016-09-19 04:51:32] EDIT EnergyManager/controllers/default.py: 0
[2016-09-19 04:51:32] EDIT EnergyManager/controllers/default.py: 0
[2016-09-19 04:51:40] EDIT EnergyManager/controllers/default.py: -1
[2016-09-19 05:01:14] EDIT EnergyManager/controllers/default.py: 0
[2016-09-19 05:01:15] EDIT EnergyManager/controllers/default.py: 0
[2016-09-19 05:01:15] EDIT EnergyManager/controllers/default.py: 0
[2016-09-19 05:01:15] EDIT EnergyManager/controllers/default.py: 0
[2016-09-19 05:01:33] EDIT EnergyManager/controllers/default.py: 0
[2016-09-19 05:02:12] EDIT EnergyManager/controllers/default.py: 0
[2016-09-19 05:02:44] EDIT EnergyManager/models/db.py: 0
[2016-09-19 05:03:52] EDIT EnergyManager/controllers/default.py: -1
[2016-09-19 05:03:59] EDIT EnergyManager/controllers/default.py: 1
